Wed Sep 22 2021 15:28:31 GMT-0400 (Eastern Daylight Time)
POST
/
Wed Sep 22 2021 15:32:07 GMT-0400 (Eastern Daylight Time)
POST
/1
Wed Sep 22 2021 15:32:07 GMT-0400 (Eastern Daylight Time)
POST
/
Wed Sep 22 2021 15:32:59 GMT-0400 (Eastern Daylight Time)
POST
/2
Wed Sep 22 2021 15:32:59 GMT-0400 (Eastern Daylight Time)
POST
/
Wed Sep 22 2021 15:33:44 GMT-0400 (Eastern Daylight Time)
POST
/2
Wed Sep 22 2021 15:33:44 GMT-0400 (Eastern Daylight Time)
POST
/
Wed Sep 22 2021 15:34:17 GMT-0400 (Eastern Daylight Time)
POST
/1
Wed Sep 22 2021 15:34:18 GMT-0400 (Eastern Daylight Time)
POST
/
Wed Sep 22 2021 15:36:49 GMT-0400 (Eastern Daylight Time)
POST
/1
Wed Sep 22 2021 15:36:49 GMT-0400 (Eastern Daylight Time)
POST
/
Wed Sep 22 2021 15:37:11 GMT-0400 (Eastern Daylight Time)
POST
/
Wed Sep 22 2021 15:38:36 GMT-0400 (Eastern Daylight Time)
POST
/1
Wed Sep 22 2021 15:38:36 GMT-0400 (Eastern Daylight Time)
POST
/
Wed Sep 22 2021 19:52:00 GMT-0400 (Eastern Daylight Time)
POST
/1
Wed Sep 22 2021 19:52:45 GMT-0400 (Eastern Daylight Time)
POST
/1
Wed Sep 22 2021 22:44:13 GMT-0400 (Eastern Daylight Time)
POST
/1
Sat Sep 25 2021 23:36:45 GMT-0400 (Eastern Daylight Time)
POST
/1/reply/1
Sun Sep 26 2021 01:01:31 GMT-0400 (Eastern Daylight Time)
DELETE
/1
Sun Sep 26 2021 01:02:04 GMT-0400 (Eastern Daylight Time)
DELETE
/1
Sun Sep 26 2021 01:04:05 GMT-0400 (Eastern Daylight Time)
DELETE
/1
Sun Sep 26 2021 01:21:43 GMT-0400 (Eastern Daylight Time)
POST
/2
Sun Sep 26 2021 01:22:20 GMT-0400 (Eastern Daylight Time)
POST
/2
Sun Sep 26 2021 01:22:36 GMT-0400 (Eastern Daylight Time)
POST
/A
Sun Sep 26 2021 01:22:41 GMT-0400 (Eastern Daylight Time)
POST
/A
Sun Sep 26 2021 01:25:51 GMT-0400 (Eastern Daylight Time)
POST
/A
Sun Sep 26 2021 01:27:03 GMT-0400 (Eastern Daylight Time)
POST
/A
Sun Sep 26 2021 01:27:25 GMT-0400 (Eastern Daylight Time)
POST
/A
Sun Sep 26 2021 01:48:06 GMT-0400 (Eastern Daylight Time)
POST
/2
Sun Sep 26 2021 01:49:29 GMT-0400 (Eastern Daylight Time)
POST
/2
Sun Sep 26 2021 01:51:31 GMT-0400 (Eastern Daylight Time)
POST
/2
Sun Sep 26 2021 01:53:23 GMT-0400 (Eastern Daylight Time)
POST
/2
Sun Sep 26 2021 02:01:19 GMT-0400 (Eastern Daylight Time)
POST
/2
Sun Sep 26 2021 02:04:19 GMT-0400 (Eastern Daylight Time)
POST
/2
Mon Sep 27 2021 00:26:36 GMT-0400 (Eastern Daylight Time)
DELETE
/1
Mon Sep 27 2021 00:37:33 GMT-0400 (Eastern Daylight Time)
DELETE
/1
Mon Sep 27 2021 00:39:11 GMT-0400 (Eastern Daylight Time)
DELETE
/1
Mon Sep 27 2021 00:45:04 GMT-0400 (Eastern Daylight Time)
DELETE
/2
Mon Sep 27 2021 00:46:06 GMT-0400 (Eastern Daylight Time)
DELETE
/2
Mon Sep 27 2021 00:46:43 GMT-0400 (Eastern Daylight Time)
DELETE
/2
Mon Sep 27 2021 00:47:30 GMT-0400 (Eastern Daylight Time)
DELETE
/2
Mon Sep 27 2021 00:48:05 GMT-0400 (Eastern Daylight Time)
DELETE
/2
Mon Sep 27 2021 00:53:19 GMT-0400 (Eastern Daylight Time)
DELETE
/2
Mon Sep 27 2021 00:54:36 GMT-0400 (Eastern Daylight Time)
POST
/
Mon Sep 27 2021 00:54:59 GMT-0400 (Eastern Daylight Time)
POST
/
Mon Sep 27 2021 01:05:25 GMT-0400 (Eastern Daylight Time)
DELETE
/1
Mon Sep 27 2021 01:18:30 GMT-0400 (Eastern Daylight Time)
DELETE
/1
Mon Sep 27 2021 01:22:28 GMT-0400 (Eastern Daylight Time)
DELETE
/1
Mon Sep 27 2021 01:22:31 GMT-0400 (Eastern Daylight Time)
DELETE
/1
Mon Sep 27 2021 02:15:09 GMT-0400 (Eastern Daylight Time)
DELETE
/1
Mon Sep 27 2021 02:15:30 GMT-0400 (Eastern Daylight Time)
DELETE
/1
Mon Sep 27 2021 02:16:07 GMT-0400 (Eastern Daylight Time)
DELETE
/1
